{"name": "Validación de cálculos con diferentes montos y plazos -- @1.4 ", "status": "failed", "statusDetails": {"message": "AssertionError: No se pudieron encontrar los resultados de la simulación\n", "trace": "  File \"C:\\Users\\catal\\AppData\\Local\\Programs\\Python\\Python312\\Lib\\site-packages\\behave\\model.py\", line 1329, in run\n    match.run(runner.context)\n  File \"C:\\Users\\catal\\AppData\\Local\\Programs\\Python\\Python312\\Lib\\site-packages\\behave\\matchers.py\", line 98, in run\n    self.func(context, *args, **kwargs)\n  File \"steps\\credito_steps.py\", line 165, in step_ver_resultados\n    raise AssertionError(\"No se pudieron encontrar los resultados de la simulación\")\n"}, "steps": [{"name": "Dado que estoy en la página principal de BancoEstado", "status": "passed", "start": 1750269054408, "stop": 1750269061706}, {"name": "Cuando accedo al simulador de crédito de consumo", "status": "passed", "start": 1750269061706, "stop": 1750269080051}, {"name": "Dado que estoy en el simulador de crédito", "status": "passed", "start": 1750269080051, "stop": 1750269100660}, {"name": "Cuando ingreso un monto de \"$6000000\"", "status": "passed", "start": 1750269100660, "stop": 1750269122958}, {"name": "Y selecciono \"60\" cuotas", "status": "passed", "start": 1750269122958, "stop": 1750269124618}, {"name": "Y hago clic en el botón \"Simular\"", "status": "passed", "start": 1750269124618, "stop": 1750269155194}, {"name": "Entonces debería ver los resultados de la simulación", "status": "failed", "statusDetails": {"message": "AssertionError: No se pudieron encontrar los resultados de la simulación\n", "trace": "  File \"C:\\Users\\catal\\AppData\\Local\\Programs\\Python\\Python312\\Lib\\site-packages\\behave\\model.py\", line 1329, in run\n    match.run(runner.context)\n  File \"C:\\Users\\catal\\AppData\\Local\\Programs\\Python\\Python312\\Lib\\site-packages\\behave\\matchers.py\", line 98, in run\n    self.func(context, *args, **kwargs)\n  File \"steps\\credito_steps.py\", line 165, in step_ver_resultados\n    raise AssertionError(\"No se pudieron encontrar los resultados de la simulación\")\n"}, "start": 1750269155195, "stop": 1750269157939}, {"name": "Y el valor de la cuota mensual debería ser mayor a \"0\"", "status": "skipped", "start": 1750269160346, "stop": 1750269160346}, {"name": "Y la tasa CAE debería estar entre \"0\" y \"100\" por ciento", "status": "skipped", "start": 1750269160346, "stop": 1750269160346}, {"name": "Y el costo total debería ser mayor al monto solicitado", "status": "skipped", "start": 1750269160346, "stop": 1750269160346}], "parameters": [{"name": "monto", "value": "$6000000"}, {"name": "cuotas", "value": "60"}], "start": 1750269054403, "stop": 1750269160346, "uuid": "22548e8e-9452-47bc-a1e2-06ca1758ebae", "historyId": "1885aceec29afe84efbeb65157ad4c29", "fullName": "Simulador de Crédito de Consumo BancoEstado: Validación de cálculos con diferentes montos y plazos", "labels": [{"name": "severity", "value": "normal"}, {"name": "tag", "value": "critico"}, {"name": "tag", "value": "simulador_credito"}, {"name": "tag", "value": "validacion_calculos"}, {"name": "feature", "value": "Simulador de Crédito de Consumo BancoEstado"}, {"name": "framework", "value": "behave"}, {"name": "language", "value": "cpython3"}]}